<?xml version="1.0" encoding="UTF-8"?>
<!-- Generated by org.testng.reporters.JUnitXMLReporter -->
<testsuite ignored="0" hostname="docme-HP-280-G1-MT-Business-PC" failures="1" tests="17" name="Test" time="52.313" errors="0" timestamp="2025-11-27T11:45:40 IST">
  <testcase classname="tests.pm.productsettings.ColorSettingsTest" name="verifyAddColorfunctionality" time="1.654"/>
  <testcase classname="tests.pm.productsettings.ColorSettingsTest" name="verifyEditColor" time="1.482"/>
  <testcase classname="tests.pm.productsettings.ColorSettingsTest" name="verifyDeleteColor" time="9.875">
    <failure type="org.openqa.selenium.TimeoutException" message="Expected condition failed: waiting for visibility of [[ChromeDriver: chrome on linux (76b5a25d4ed6dd6220e491c59dee56bd)] -&amp;gt; xpath: //div[text()=&amp;apos;Colour deleted successfully.&amp;apos;]] (tried for 3 second(s) with 500 milliseconds interval)">
      <![CDATA[org.openqa.selenium.TimeoutException: Expected condition failed: waiting for visibility of [[ChromeDriver: chrome on linux (76b5a25d4ed6dd6220e491c59dee56bd)] -> xpath: //div[text()='Colour deleted successfully.']] (tried for 3 second(s) with 500 milliseconds interval)
at org.openqa.selenium.support.ui.WebDriverWait.timeoutException(WebDriverWait.java:84)
at org.openqa.selenium.support.ui.FluentWait.until(FluentWait.java:228)
at utilities.WaitHelper.visibilityOf(WaitHelper.java:28)
at pageObjects.pm.productSettings.ColorSettings.getColorDeletedMessage(ColorSettings.java:114)
at tests.pm.productsettings.ColorSettingsTest.verifyDeleteColor(ColorSettingsTest.java:96)
at java.base/java.util.ArrayList.forEach(ArrayList.java:1596)
Caused by: org.openqa.selenium.NoSuchElementException: no such element: Unable to locate element: {"method":"xpath","selector":"//div[text()='Colour deleted successfully.']"}
  (Session info: chrome=130.0.6723.58)
For documentation on this error, please visit: https://www.selenium.dev/documentation/webdriver/troubleshooting/errors#nosuchelementexception
Build info: version: '4.38.0', revision: '6b412e825c*'
System info: os.name: 'Linux', os.arch: 'amd64', os.version: '5.15.0-139-generic', java.version: '21.0.9'
Driver info: org.openqa.selenium.chrome.ChromeDriver
Command: [76b5a25d4ed6dd6220e491c59dee56bd, findElement {value=//div[text()='Colour deleted successfully.'], using=xpath}]
Capabilities {acceptInsecureCerts: false, browserName: chrome, browserVersion: 130.0.6723.58, chrome: {chromedriverVersion: 130.0.6723.116 (6ac35f94ae3..., userDataDir: /tmp/.org.chromium.Chromium...}, fedcm:accounts: true, goog:chromeOptions: {debuggerAddress: localhost:43063}, networkConnectionEnabled: false, pageLoadStrategy: normal, platformName: linux, proxy: Proxy(), se:cdp: ws://localhost:43063/devtoo..., se:cdpVersion: 130.0.6723.58, setWindowRect: true, strictFileInteractability: false, timeouts: {implicit: 0, pageLoad: 300000, script: 30000}, unhandledPromptBehavior: dismiss and notify, webauthn:extension:credBlob: true, webauthn:extension:largeBlob: true, webauthn:extension:minPinLength: true, webauthn:extension:prf: true, webauthn:virtualAuthenticators: true}
Session ID: 76b5a25d4ed6dd6220e491c59dee56bd
at org.openqa.selenium.remote.ErrorCodec.decode(ErrorCodec.java:167)
at org.openqa.selenium.remote.codec.w3c.W3CHttpResponseCodec.decode(W3CHttpResponseCodec.java:138)
at org.openqa.selenium.remote.codec.w3c.W3CHttpResponseCodec.decode(W3CHttpResponseCodec.java:50)
at org.openqa.selenium.remote.HttpCommandExecutor.execute(HttpCommandExecutor.java:215)
at org.openqa.selenium.remote.service.DriverCommandExecutor.invokeExecute(DriverCommandExecutor.java:216)
at org.openqa.selenium.remote.service.DriverCommandExecutor.execute(DriverCommandExecutor.java:174)
at org.openqa.selenium.remote.RemoteWebDriver.execute(RemoteWebDriver.java:557)
at org.openqa.selenium.remote.ElementLocation$ElementFinder$2.findElement(ElementLocation.java:165)
at org.openqa.selenium.remote.ElementLocation.findElement(ElementLocation.java:59)
at org.openqa.selenium.remote.RemoteWebDriver.findElement(RemoteWebDriver.java:380)
at org.openqa.selenium.remote.RemoteWebDriver.findElement(RemoteWebDriver.java:374)
at org.openqa.selenium.support.pagefactory.DefaultElementLocator.findElement(DefaultElementLocator.java:68)
at org.openqa.selenium.support.pagefactory.internal.LocatingElementHandler.invoke(LocatingElementHandler.java:38)
at jdk.proxy2/jdk.proxy2.$Proxy16.isDisplayed(Unknown Source)
at org.openqa.selenium.support.ui.ExpectedConditions.elementIfVisible(ExpectedConditions.java:308)
at org.openqa.selenium.support.ui.ExpectedConditions$10.apply(ExpectedConditions.java:294)
at org.openqa.selenium.support.ui.ExpectedConditions$10.apply(ExpectedConditions.java:291)
at org.openqa.selenium.support.ui.FluentWait.until(FluentWait.java:203)
... 29 more
... Removed 28 stack frames]]>
    </failure>
  </testcase> <!-- verifyDeleteColor -->
  <testcase classname="tests.pm.productsettings.SizeSettingsTest" name="verifyAddSizefunctionality" time="2.091"/>
  <testcase classname="tests.pm.productsettings.SizeSettingsTest" name="verifySizeEditFunctionality" time="1.503"/>
  <testcase classname="tests.pm.productsettings.SizeSettingsTest" name="verifySizeDeleteFunctionality" time="0.814"/>
  <testcase classname="tests.pm.productsettings.TypeSettingsTest" name="verifyAddTypefunctionality" time="2.436"/>
  <testcase classname="tests.pm.productsettings.TypeSettingsTest" name="verifyEditTypefunctionality" time="1.581"/>
  <testcase classname="tests.pm.productsettings.TypeSettingsTest" name="verifyDeleteTypefunctionality" time="1.114"/>
  <testcase classname="tests.pm.productsettings.BrandSettingsTest" name="verifyAddBrandfunctionality" time="2.153"/>
  <testcase classname="tests.pm.productsettings.StockCategoryTest" name="verifyAddStockfunctionality" time="1.884"/>
  <testcase classname="tests.pm.productsettings.PublisherSettingsTest" name="verifyAddPublisherfunctionality" time="2.142"/>
  <testcase classname="tests.pm.productsettings.PublisherSettingsTest" name="verifyDeletePublisherfunctionality" time="0.947"/>
  <testcase classname="tests.pm.productsettings.PublisherSettingsTest" name="verifyEditPublisherfunctionality" time="1.073"/>
  <testcase classname="tests.pm.productsettings.EditionSettingsTest" name="verifyAddEditionfunctionality" time="2.824"/>
  <testcase classname="tests.pm.productsettings.EditionSettingsTest" name="verifyEditEditionfunctionality" time="1.253"/>
  <testcase classname="tests.pm.productsettings.EditionSettingsTest" name="verifyDeleteEditionfunctionality" time="1.006"/>
</testsuite> <!-- Test -->
