<?xml version="1.0" encoding="UTF-8"?>
<!-- Generated by org.testng.reporters.JUnitXMLReporter -->
<testsuite ignored="0" hostname="docme-HP-280-G1-MT-Business-PC" failures="0" tests="3" name="ZasaProject" time="8.064" errors="0" timestamp="2025-11-17T10:05:04 IST">
  <testcase classname="testCases.ColorSettingsTest" name="addColor" time="0.653"/>
  <testcase classname="testCases.ColorSettingsTest" name="editColor" time="1.489"/>
  <testcase classname="testCases.ColorSettingsTest" name="deleteColor" time="0.301"/>
</testsuite> <!-- ZasaProject -->
