<?xml version="1.0" encoding="UTF-8"?>
<testng-results ignored="0" total="1" passed="1" failed="0" skipped="0">
  <reporter-output>
  </reporter-output>
  <suite started-at="2025-12-01T15:19:57 IST" name="Default suite" finished-at="2025-12-01T15:20:02 IST" duration-ms="4530">
    <groups>
    </groups>
    <test started-at="2025-12-01T15:19:57 IST" name="Default test" finished-at="2025-12-01T15:20:02 IST" duration-ms="4530">
      <class name="tests.pm.product.ProductsTest">
        <test-method is-config="true" signature="setup()[pri:0, instance:tests.pm.product.ProductsTest@6adbc9d]" started-at="2025-12-01T15:19:58 IST" name="setup" finished-at="2025-12-01T15:20:00 IST" duration-ms="2556" status="PASS">
          <reporter-output>
          </reporter-output>
        </test-method> <!-- setup -->
        <test-method signature="checkThePolicyUpdateFunction()[pri:0, instance:tests.pm.product.ProductsTest@6adbc9d]" started-at="2025-12-01T15:20:00 IST" name="checkThePolicyUpdateFunction" finished-at="2025-12-01T15:20:02 IST" duration-ms="1658" status="PASS">
          <reporter-output>
          </reporter-output>
        </test-method> <!-- checkThePolicyUpdateFunction -->
      </class> <!-- tests.pm.product.ProductsTest -->
    </test> <!-- Default test -->
  </suite> <!-- Default suite -->
</testng-results>
