<?xml version="1.0" encoding="UTF-8"?>
<testng-results ignored="0" total="3" passed="3" failed="0" skipped="0">
  <reporter-output>
  </reporter-output>
  <suite started-at="2025-11-27T15:57:48 IST" name="Default suite" finished-at="2025-11-27T15:57:53 IST" duration-ms="4771">
    <groups>
    </groups>
    <test started-at="2025-11-27T15:57:48 IST" name="Default test" finished-at="2025-11-27T15:57:53 IST" duration-ms="4771">
      <class name="tests.stockmangement.StockTest">
        <test-method is-config="true" signature="setup()[pri:0, instance:tests.stockmangement.StockTest@1623b78d]" started-at="2025-11-27T15:57:48 IST" name="setup" finished-at="2025-11-27T15:57:51 IST" duration-ms="2860" status="PASS">
          <reporter-output>
          </reporter-output>
        </test-method> <!-- setup -->
        <test-method signature="verifyStockTable()[pri:1, instance:tests.stockmangement.StockTest@1623b78d]" started-at="2025-11-27T15:57:51 IST" name="verifyStockTable" finished-at="2025-11-27T15:57:52 IST" duration-ms="888" status="PASS">
          <reporter-output>
          </reporter-output>
        </test-method> <!-- verifyStockTable -->
        <test-method signature="verifyStockTableRowCount()[pri:2, instance:tests.stockmangement.StockTest@1623b78d]" started-at="2025-11-27T15:57:52 IST" name="verifyStockTableRowCount" finished-at="2025-11-27T15:57:52 IST" duration-ms="526" status="PASS">
          <reporter-output>
          </reporter-output>
        </test-method> <!-- verifyStockTableRowCount -->
        <test-method signature="navigateThroughStockPages()[pri:3, instance:tests.stockmangement.StockTest@1623b78d]" started-at="2025-11-27T15:57:52 IST" name="navigateThroughStockPages" finished-at="2025-11-27T15:57:53 IST" duration-ms="215" status="PASS">
          <reporter-output>
          </reporter-output>
        </test-method> <!-- navigateThroughStockPages -->
      </class> <!-- tests.stockmangement.StockTest -->
    </test> <!-- Default test -->
  </suite> <!-- Default suite -->
</testng-results>
