<?xml version="1.0" encoding="UTF-8"?>
<!-- Generated by org.testng.reporters.JUnitReportReporter -->
<testsuite hostname="docme-HP-280-G1-MT-Business-PC" failures="0" tests="3" name="tests.pm.productsettings.PublisherSettingsTest" time="4.162" errors="0" timestamp="2025-11-27T11:45:41 IST" skipped="0">
  <testcase classname="tests.pm.productsettings.PublisherSettingsTest" name="verifyAddPublisherfunctionality" time="2.142"/>
  <testcase classname="tests.pm.productsettings.PublisherSettingsTest" name="verifyDeletePublisherfunctionality" time="0.947"/>
  <testcase classname="tests.pm.productsettings.PublisherSettingsTest" name="verifyEditPublisherfunctionality" time="1.073"/>
</testsuite> <!-- tests.pm.productsettings.PublisherSettingsTest -->
