<?xml version="1.0" encoding="UTF-8"?>
<!-- Generated by org.testng.reporters.JUnitReportReporter -->
<testsuite hostname="docme-HP-280-G1-MT-Business-PC" failures="0" tests="3" name="tests.stockmangement.StockTest" time="1.629" errors="0" timestamp="2025-11-27T15:57:53 IST" skipped="0">
  <testcase classname="tests.stockmangement.StockTest" name="verifyStockTable" time="0.888"/>
  <testcase classname="tests.stockmangement.StockTest" name="verifyStockTableRowCount" time="0.526"/>
  <testcase classname="tests.stockmangement.StockTest" name="navigateThroughStockPages" time="0.215"/>
</testsuite> <!-- tests.stockmangement.StockTest -->
