<?xml version="1.0" encoding="UTF-8"?>
<!-- Generated by org.testng.reporters.JUnitReportReporter -->
<testsuite hostname="docme-HP-280-G1-MT-Business-PC" failures="0" tests="3" name="tests.pm.productsettings.TypeSettingsTest" time="5.131" errors="0" timestamp="2025-11-27T11:45:41 IST" skipped="0">
  <testcase classname="tests.pm.productsettings.TypeSettingsTest" name="verifyAddTypefunctionality" time="2.436"/>
  <testcase classname="tests.pm.productsettings.TypeSettingsTest" name="verifyEditTypefunctionality" time="1.581"/>
  <testcase classname="tests.pm.productsettings.TypeSettingsTest" name="verifyDeleteTypefunctionality" time="1.114"/>
</testsuite> <!-- tests.pm.productsettings.TypeSettingsTest -->
