<?xml version="1.0" encoding="UTF-8"?>
<!-- Generated by org.testng.reporters.JUnitReportReporter -->
<testsuite hostname="docme-HP-280-G1-MT-Business-PC" failures="0" tests="3" name="testCases.ColorSettingsTest" time="2.420" errors="0" timestamp="2025-11-17T16:40:31 IST" skipped="0">
  <testcase classname="testCases.ColorSettingsTest" name="verifyAddColor" time="0.584"/>
  <testcase classname="testCases.ColorSettingsTest" name="verifyEditColor" time="1.557"/>
  <testcase classname="testCases.ColorSettingsTest" name="verifyDeleteColor" time="0.279"/>
</testsuite> <!-- testCases.ColorSettingsTest -->
