<?xml version="1.0" encoding="UTF-8"?>
<!-- Generated by org.testng.reporters.JUnitReportReporter -->
<testsuite hostname="docme-HP-280-G1-MT-Business-PC" failures="0" tests="3" name="tests.pm.productsettings.SizeSettingsTest" time="4.408" errors="0" timestamp="2025-11-27T11:45:41 IST" skipped="0">
  <testcase classname="tests.pm.productsettings.SizeSettingsTest" name="verifyAddSizefunctionality" time="2.091"/>
  <testcase classname="tests.pm.productsettings.SizeSettingsTest" name="verifySizeEditFunctionality" time="1.503"/>
  <testcase classname="tests.pm.productsettings.SizeSettingsTest" name="verifySizeDeleteFunctionality" time="0.814"/>
</testsuite> <!-- tests.pm.productsettings.SizeSettingsTest -->
