<?xml version="1.0" encoding="UTF-8"?>
<!-- Generated by org.testng.reporters.JUnitReportReporter -->
<testsuite hostname="docme-HP-280-G1-MT-Business-PC" failures="0" tests="1" name="tests.productmanagement.weightmanagement.AddNewWeightTest" time="1.339" errors="0" timestamp="2025-11-24T11:10:57 IST" skipped="0">
  <testcase classname="tests.productmanagement.weightmanagement.AddNewWeightTest" name="addNewWeightTest" time="1.339"/>
</testsuite> <!-- tests.productmanagement.weightmanagement.AddNewWeightTest -->
