<?xml version="1.0" encoding="UTF-8"?>
<!-- Generated by org.testng.reporters.JUnitReportReporter -->
<testsuite hostname="docme-HP-280-G1-MT-Business-PC" failures="0" tests="1" name="testRunner.TestRunner" time="2.669" errors="1" timestamp="2025-11-21T17:45:11 IST" skipped="0">
  <testcase classname="testRunner.TestRunner" name="runScenario" time="2.669">
    <error message="TODO: implement me" type="io.cucumber.java.PendingException">
      <![CDATA[io.cucumber.java.PendingException: TODO: implement me
at stepDefinitions.AdminLoginSteps.clicks_the_login_button(AdminLoginSteps.java:28)
at âœ½.clicks the login button(file:///home/docme/Automation%20Testing/ZasaProject/ZasaProject/./src/test/resources/Adminlogin.feature:6)
]]>
    </error>
  </testcase> <!-- runScenario -->
</testsuite> <!-- testRunner.TestRunner -->
