<?xml version="1.0" encoding="UTF-8"?>
<!-- Generated by org.testng.reporters.JUnitReportReporter -->
<testsuite hostname="docme-HP-280-G1-MT-Business-PC" failures="0" tests="3" name="tests.pm.productsettings.ColorSettingsTest" time="3.920" errors="0" timestamp="2025-11-27T11:47:03 IST" skipped="0">
  <testcase classname="tests.pm.productsettings.ColorSettingsTest" name="verifyAddColorfunctionality" time="1.728"/>
  <testcase classname="tests.pm.productsettings.ColorSettingsTest" name="verifyEditColor" time="1.379"/>
  <testcase classname="tests.pm.productsettings.ColorSettingsTest" name="verifyDeleteColor" time="0.813"/>
</testsuite> <!-- tests.pm.productsettings.ColorSettingsTest -->
