<?xml version="1.0" encoding="UTF-8"?>
<!-- Generated by org.testng.reporters.JUnitReportReporter -->
<testsuite hostname="docme-HP-280-G1-MT-Business-PC" failures="0" tests="5" name="testCases.AdminloginTest" time="24.092" errors="0" timestamp="2025-11-14T14:40:31 IST" skipped="0">
  <testcase classname="testCases.AdminloginTest" name="logintest" time="5.753"/>
  <testcase classname="testCases.AdminloginTest" name="logintest" time="5.744"/>
  <testcase classname="testCases.AdminloginTest" name="logintest" time="1.184"/>
  <testcase classname="testCases.AdminloginTest" name="logintest" time="5.661"/>
  <testcase classname="testCases.AdminloginTest" name="logintest" time="5.750"/>
</testsuite> <!-- testCases.AdminloginTest -->
