<?xml version="1.0" encoding="UTF-8"?>
<!-- Generated by org.testng.reporters.JUnitReportReporter -->
<testsuite hostname="docme-HP-280-G1-MT-Business-PC" failures="0" tests="1" name="tests.productmanagement.productsettings.BrandSettingsTest" time="1.183" errors="0" timestamp="2025-11-18T09:30:37 IST" skipped="0">
  <testcase classname="tests.productmanagement.productsettings.BrandSettingsTest" name="addBrand" time="1.183"/>
</testsuite> <!-- tests.productmanagement.productsettings.BrandSettingsTest -->
