<?xml version="1.0" encoding="UTF-8"?>
<!-- Generated by org.testng.reporters.JUnitReportReporter -->
<testsuite hostname="docme-HP-280-G1-MT-Business-PC" failures="0" tests="3" name="tests.QP.quotationmanagement.PurchaseManagementTest" time="4.534" errors="0" timestamp="2025-11-27T12:34:01 IST" skipped="0">
  <testcase classname="tests.QP.quotationmanagement.PurchaseManagementTest" name="addpurchaseManagementTest" time="2.159"/>
  <testcase classname="tests.QP.quotationmanagement.PurchaseManagementTest" name="deletePurchaseOrderTest" time="1.158"/>
  <testcase classname="tests.QP.quotationmanagement.PurchaseManagementTest" name="approvePurchaseOrderTest" time="1.217"/>
</testsuite> <!-- tests.QP.quotationmanagement.PurchaseManagementTest -->
