<?xml version="1.0" encoding="UTF-8"?>
<!-- Generated by org.testng.reporters.JUnitReportReporter -->
<testsuite hostname="docme-HP-280-G1-MT-Business-PC" failures="0" tests="3" name="tests.pm.productsettings.EditionSettingsTest" time="5.083" errors="0" timestamp="2025-11-27T11:45:41 IST" skipped="0">
  <testcase classname="tests.pm.productsettings.EditionSettingsTest" name="verifyAddEditionfunctionality" time="2.824"/>
  <testcase classname="tests.pm.productsettings.EditionSettingsTest" name="verifyEditEditionfunctionality" time="1.253"/>
  <testcase classname="tests.pm.productsettings.EditionSettingsTest" name="verifyDeleteEditionfunctionality" time="1.006"/>
</testsuite> <!-- tests.pm.productsettings.EditionSettingsTest -->
