<?xml version="1.0" encoding="UTF-8"?>
<!-- Generated by org.testng.reporters.JUnitReportReporter -->
<testsuite hostname="docme-HP-280-G1-MT-Business-PC" failures="0" tests="1" name="tests.pm.productbarcodeprinting.ProductBarcodePrintingTest" time="2.237" errors="0" timestamp="2025-11-27T14:39:19 IST" skipped="0">
  <testcase classname="tests.pm.productbarcodeprinting.ProductBarcodePrintingTest" name="productBarcodePrintingTest" time="2.237"/>
</testsuite> <!-- tests.pm.productbarcodeprinting.ProductBarcodePrintingTest -->
