<?xml version="1.0" encoding="UTF-8"?>
<!-- Generated by org.testng.reporters.JUnitReportReporter -->
<testsuite hostname="docme-HP-280-G1-MT-Business-PC" failures="0" tests="5" name="tests.auth.adminLogin.AdminloginTest" time="23.823" errors="0" timestamp="2025-11-24T11:48:33 IST" skipped="0">
  <testcase classname="tests.auth.adminLogin.AdminloginTest" name="logintest" time="1.154"/>
  <testcase classname="tests.auth.adminLogin.AdminloginTest" name="logintest" time="5.690"/>
  <testcase classname="tests.auth.adminLogin.AdminloginTest" name="logintest" time="5.581"/>
  <testcase classname="tests.auth.adminLogin.AdminloginTest" name="logintest" time="5.729"/>
  <testcase classname="tests.auth.adminLogin.AdminloginTest" name="logintest" time="5.669"/>
</testsuite> <!-- tests.auth.adminLogin.AdminloginTest -->
