<?xml version="1.0" encoding="UTF-8"?>
<!-- Generated by org.testng.reporters.JUnitReportReporter -->
<testsuite hostname="DESKTOP-S5S85HV" failures="0" tests="5" name="testCases.AdminloginPage_Test" time="24.608" errors="0" timestamp="2025-11-11T14:55:46 IST" skipped="0">
  <testcase classname="testCases.AdminloginPage_Test" name="logintest" time="5.966"/>
  <testcase classname="testCases.AdminloginPage_Test" name="logintest" time="5.764"/>
  <testcase classname="testCases.AdminloginPage_Test" name="logintest" time="1.282"/>
  <testcase classname="testCases.AdminloginPage_Test" name="logintest" time="5.600"/>
  <testcase classname="testCases.AdminloginPage_Test" name="logintest" time="5.996"/>
</testsuite> <!-- testCases.AdminloginPage_Test -->
