<?xml version="1.0" encoding="UTF-8"?>
<!-- Generated by org.testng.reporters.JUnitReportReporter -->
<testsuite hostname="docme-HP-280-G1-MT-Business-PC" failures="0" tests="3" name="tests.productmanagement.productsettings.ColorSettingsTest" time="3.647" errors="0" timestamp="2025-11-18T09:30:19 IST" skipped="0">
  <testcase classname="tests.productmanagement.productsettings.ColorSettingsTest" name="verifyAddColor" time="1.450"/>
  <testcase classname="tests.productmanagement.productsettings.ColorSettingsTest" name="verifyEditColor" time="1.672"/>
  <testcase classname="tests.productmanagement.productsettings.ColorSettingsTest" name="verifyDeleteColor" time="0.525"/>
</testsuite> <!-- tests.productmanagement.productsettings.ColorSettingsTest -->
