<?xml version="1.0" encoding="UTF-8"?>
<!-- Generated by org.testng.reporters.JUnitReportReporter -->
<testsuite hostname="docme-HP-280-G1-MT-Business-PC" failures="0" tests="3" name="tests.stockmangement.MarkDeadStockTest" time="2.551" errors="0" timestamp="2025-12-01T13:49:49 IST" skipped="0">
  <testcase classname="tests.stockmangement.MarkDeadStockTest" name="verifyMarkDeadStock" time="0.873"/>
  <testcase classname="tests.stockmangement.MarkDeadStockTest" name="verifyAddMarkDeadFunctionality" time="1.361"/>
  <testcase classname="tests.stockmangement.MarkDeadStockTest" name="verifyStockSummaryHistory" time="0.317"/>
</testsuite> <!-- tests.stockmangement.MarkDeadStockTest -->
