<?xml version="1.0" encoding="UTF-8"?>
<!-- Generated by org.testng.reporters.JUnitReportReporter -->
<testsuite hostname="docme-HP-280-G1-MT-Business-PC" failures="0" tests="5" name="tests.auth.AdminLogin.AdminloginTest" time="23.731" errors="0" timestamp="2025-11-18T09:36:23 IST" skipped="0">
  <testcase classname="tests.auth.AdminLogin.AdminloginTest" name="logintest" time="5.574"/>
  <testcase classname="tests.auth.AdminLogin.AdminloginTest" name="logintest" time="5.651"/>
  <testcase classname="tests.auth.AdminLogin.AdminloginTest" name="logintest" time="5.679"/>
  <testcase classname="tests.auth.AdminLogin.AdminloginTest" name="logintest" time="5.686"/>
  <testcase classname="tests.auth.AdminLogin.AdminloginTest" name="logintest" time="1.141"/>
</testsuite> <!-- tests.auth.AdminLogin.AdminloginTest -->
