<?xml version="1.0" encoding="UTF-8"?>
<!-- Generated by org.testng.reporters.JUnitReportReporter -->
<testsuite hostname="docme-HP-280-G1-MT-Business-PC" failures="0" tests="1" name="tests.productmanagement.productsettings.TypeSettingsTest" time="2.012" errors="0" timestamp="2025-11-24T10:09:58 IST" skipped="0">
  <testcase classname="tests.productmanagement.productsettings.TypeSettingsTest" name="addNewtype" time="2.012"/>
</testsuite> <!-- tests.productmanagement.productsettings.TypeSettingsTest -->
